2020-04-03 00:03:58,722 INFO     --------------------------------------------------------------
2020-04-03 00:04:00,596 INFO     Repeating scheduled time 1900-01-01 14:25:00
2020-04-03 00:04:11,898 INFO     spreadsheet updated
2020-04-03 00:09:12,008 INFO     --------------------------------------------------------------
2020-04-03 00:09:13,858 INFO     Repeating scheduled time 1900-01-01 14:25:00
2020-04-03 00:09:25,840 INFO     spreadsheet updated
2020-04-03 00:14:25,940 INFO     --------------------------------------------------------------
2020-04-03 00:14:27,794 INFO     Repeating scheduled time 1900-01-01 14:25:00
2020-04-03 00:14:37,766 INFO     spreadsheet updated
2020-04-03 00:19:37,851 INFO     --------------------------------------------------------------
2020-04-03 00:19:39,706 INFO     Repeating scheduled time 1900-01-01 14:25:00
2020-04-03 00:19:50,213 INFO     spreadsheet updated
2020-04-03 00:24:50,253 INFO     --------------------------------------------------------------
2020-04-03 00:24:52,112 INFO     Repeating scheduled time 1900-01-01 14:25:00
2020-04-03 00:25:02,591 INFO     spreadsheet updated
2020-04-03 00:30:02,697 INFO     --------------------------------------------------------------
2020-04-03 00:30:04,541 INFO     Repeating scheduled time 1900-01-01 14:25:00
2020-04-03 00:30:15,302 INFO     spreadsheet updated
2020-04-03 00:35:15,404 INFO     --------------------------------------------------------------
2020-04-03 00:35:17,255 INFO     Repeating scheduled time 1900-01-01 14:25:00
2020-04-03 00:35:27,349 INFO     spreadsheet updated
2020-04-03 00:40:27,359 INFO     --------------------------------------------------------------
2020-04-03 00:40:29,199 INFO     Repeating scheduled time 1900-01-01 14:25:00
2020-04-03 00:40:40,331 INFO     spreadsheet updated
2020-04-03 00:45:40,437 INFO     --------------------------------------------------------------
2020-04-03 00:45:42,273 INFO     Repeating scheduled time 1900-01-01 14:25:00
2020-04-03 00:45:53,930 INFO     spreadsheet updated
2020-04-03 00:50:53,949 INFO     --------------------------------------------------------------
2020-04-03 00:50:55,782 INFO     Repeating scheduled time 1900-01-01 14:25:00
2020-04-03 00:51:06,828 INFO     spreadsheet updated
2020-04-03 00:56:06,883 INFO     --------------------------------------------------------------
2020-04-03 00:56:08,724 INFO     Repeating scheduled time 1900-01-01 14:25:00
2020-04-03 00:56:20,641 INFO     spreadsheet updated
2020-04-03 01:01:20,745 INFO     --------------------------------------------------------------
2020-04-03 01:01:22,579 INFO     Repeating scheduled time 1900-01-01 14:25:00
2020-04-03 01:01:33,144 INFO     spreadsheet updated
2020-04-03 01:06:33,244 INFO     --------------------------------------------------------------
2020-04-03 01:06:35,078 INFO     Repeating scheduled time 1900-01-01 14:25:00
2020-04-03 01:06:45,538 INFO     spreadsheet updated
2020-04-03 01:11:45,634 INFO     --------------------------------------------------------------
2020-04-03 01:11:47,468 INFO     Repeating scheduled time 1900-01-01 14:25:00
2020-04-03 01:11:57,531 INFO     spreadsheet updated
2020-04-03 01:16:57,634 INFO     --------------------------------------------------------------
2020-04-03 01:16:59,467 INFO     Repeating scheduled time 1900-01-01 14:25:00
2020-04-03 01:17:09,368 INFO     spreadsheet updated
2020-04-03 01:22:09,476 INFO     --------------------------------------------------------------
2020-04-03 01:22:11,359 INFO     Repeating scheduled time 1900-01-01 14:25:00
2020-04-03 01:22:21,715 INFO     spreadsheet updated
2020-04-03 01:27:21,819 INFO     --------------------------------------------------------------
2020-04-03 01:27:23,662 INFO     Repeating scheduled time 1900-01-01 14:25:00
2020-04-03 01:27:33,853 INFO     spreadsheet updated
2020-04-03 01:32:33,954 INFO     --------------------------------------------------------------
2020-04-03 01:32:35,803 INFO     Repeating scheduled time 1900-01-01 14:25:00
2020-04-03 01:32:47,181 INFO     spreadsheet updated
2020-04-03 01:37:47,286 INFO     --------------------------------------------------------------
2020-04-03 01:37:49,121 INFO     Repeating scheduled time 1900-01-01 14:25:00
2020-04-03 01:38:05,305 INFO     spreadsheet updated
2020-04-03 01:43:05,414 INFO     --------------------------------------------------------------
2020-04-03 01:43:07,251 INFO     Repeating scheduled time 1900-01-01 14:25:00
2020-04-03 01:43:18,908 INFO     spreadsheet updated
2020-04-03 01:48:18,966 INFO     --------------------------------------------------------------
2020-04-03 01:48:20,799 INFO     Repeating scheduled time 1900-01-01 14:25:00
2020-04-03 01:48:31,090 INFO     spreadsheet updated
2020-04-03 01:53:31,145 INFO     --------------------------------------------------------------
2020-04-03 01:53:32,983 INFO     Repeating scheduled time 1900-01-01 14:25:00
2020-04-03 01:53:44,023 INFO     spreadsheet updated
2020-04-03 01:58:44,105 INFO     --------------------------------------------------------------
2020-04-03 01:58:45,944 INFO     Repeating scheduled time 1900-01-01 14:25:00
2020-04-03 01:58:55,878 INFO     spreadsheet updated
2020-04-03 02:03:55,983 INFO     --------------------------------------------------------------
2020-04-03 02:03:57,823 INFO     Repeating scheduled time 1900-01-01 14:25:00
2020-04-03 02:04:08,726 INFO     spreadsheet updated
2020-04-03 02:09:08,830 INFO     --------------------------------------------------------------
2020-04-03 02:09:10,668 INFO     Repeating scheduled time 1900-01-01 14:25:00
2020-04-03 02:09:21,524 INFO     spreadsheet updated
2020-04-03 02:14:21,627 INFO     --------------------------------------------------------------
2020-04-03 02:14:23,470 INFO     Repeating scheduled time 1900-01-01 14:25:00
2020-04-03 02:14:33,674 INFO     spreadsheet updated
2020-04-03 02:19:33,784 INFO     --------------------------------------------------------------
2020-04-03 02:19:35,618 INFO     Repeating scheduled time 1900-01-01 14:25:00
2020-04-03 02:19:46,468 INFO     spreadsheet updated
2020-04-03 02:24:46,572 INFO     --------------------------------------------------------------
2020-04-03 02:24:48,412 INFO     Repeating scheduled time 1900-01-01 14:25:00
2020-04-03 02:25:02,974 INFO     spreadsheet updated
2020-04-03 02:30:03,019 INFO     --------------------------------------------------------------
2020-04-03 02:30:04,859 INFO     Repeating scheduled time 1900-01-01 14:25:00
2020-04-03 02:30:16,029 INFO     spreadsheet updated
2020-04-03 02:35:16,124 INFO     --------------------------------------------------------------
2020-04-03 02:35:17,958 INFO     Repeating scheduled time 1900-01-01 14:25:00
2020-04-03 02:35:28,638 INFO     spreadsheet updated
2020-04-03 02:40:28,744 INFO     --------------------------------------------------------------
2020-04-03 02:40:30,579 INFO     Repeating scheduled time 1900-01-01 14:25:00
2020-04-03 02:40:40,577 INFO     spreadsheet updated
2020-04-03 02:45:40,639 INFO     --------------------------------------------------------------
2020-04-03 02:45:42,475 INFO     Repeating scheduled time 1900-01-01 14:25:00
2020-04-03 02:45:57,202 INFO     spreadsheet updated
2020-04-03 02:50:57,306 INFO     --------------------------------------------------------------
2020-04-03 02:50:59,141 INFO     Repeating scheduled time 1900-01-01 14:25:00
2020-04-03 02:51:09,582 INFO     spreadsheet updated
2020-04-03 02:56:09,682 INFO     --------------------------------------------------------------
2020-04-03 02:56:11,590 INFO     Repeating scheduled time 1900-01-01 14:25:00
2020-04-03 02:56:22,733 INFO     spreadsheet updated
2020-04-03 03:01:22,841 INFO     --------------------------------------------------------------
2020-04-03 03:01:24,684 INFO     Repeating scheduled time 1900-01-01 14:25:00
2020-04-03 03:01:35,189 INFO     spreadsheet updated
2020-04-03 03:06:35,288 INFO     --------------------------------------------------------------
2020-04-03 03:06:37,121 INFO     Repeating scheduled time 1900-01-01 14:25:00
2020-04-03 03:06:47,285 INFO     spreadsheet updated
2020-04-03 03:11:47,334 INFO     --------------------------------------------------------------
2020-04-03 03:11:49,167 INFO     Repeating scheduled time 1900-01-01 14:25:00
2020-04-03 03:11:59,837 INFO     spreadsheet updated
2020-04-03 03:16:59,914 INFO     --------------------------------------------------------------
2020-04-03 03:17:01,750 INFO     Repeating scheduled time 1900-01-01 14:25:00
2020-04-03 03:17:12,769 INFO     spreadsheet updated
2020-04-03 03:22:12,876 INFO     --------------------------------------------------------------
2020-04-03 03:22:14,708 INFO     Repeating scheduled time 1900-01-01 14:25:00
2020-04-03 03:22:45,853 ERROR    Traceback (most recent call last):
2020-04-03 03:22:45,854 ERROR      File "/var/www/feeder/feeder/feederTimeService.py", line 179, in <module>
2020-04-03 03:22:45,861 ERROR    output = commonTasks.update_spreadsheet()
2020-04-03 03:22:45,862 ERROR      File "/var/www/feeder/feeder/commonTasks.py", line 225, in update_spreadsheet
2020-04-03 03:22:45,863 ERROR    sheet.update_cell(rowCounter, 1, time[0])
2020-04-03 03:22:45,863 ERROR      File "/var/www/feeder/lib/python3.7/site-packages/gspread/models.py", line 766, in update_cell
2020-04-03 03:22:45,868 ERROR    'values': [[value]]
2020-04-03 03:22:45,869 ERROR      File "/var/www/feeder/lib/python3.7/site-packages/gspread/models.py", line 198, in values_update
2020-04-03 03:22:45,870 ERROR    r = self.client.request('put', url, params=params, json=body)
2020-04-03 03:22:45,870 ERROR      File "/var/www/feeder/lib/python3.7/site-packages/gspread/client.py", line 79, in request
2020-04-03 03:22:45,873 ERROR    raise APIError(response)
2020-04-03 03:22:45,873 ERROR    gspread.exceptions
2020-04-03 03:22:45,873 ERROR    .
2020-04-03 03:22:45,874 ERROR    APIError
2020-04-03 03:22:45,874 ERROR    :
2020-04-03 03:22:45,874 ERROR    <!DOCTYPE html>
<html lang=en>
  <meta charset=utf-8>
  <meta name=viewport content="initial-scale=1, minimum-scale=1, width=device-width">
  <title>Error 502 (Server Error)!!1</title>
  <style>
    *{margin:0;padding:0}html,code{font:15px/22px arial,sans-serif}html{background:#fff;color:#222;padding:15px}body{margin:7% auto 0;max-width:390px;min-height:180px;padding:30px 0 15px}* > body{background:url(//www.google.com/images/errors/robot.png) 100% 5px no-repeat;padding-right:205px}p{margin:11px 0 22px;overflow:hidden}ins{color:#777;text-decoration:none}a img{border:0}@media screen and (max-width:772px){body{background:none;margin-top:0;max-width:none;padding-right:0}}#logo{background:url(//www.google.com/images/branding/googlelogo/1x/googlelogo_color_150x54dp.png) no-repeat;margin-left:-5px}@media only screen and (min-resolution:192dpi){#logo{background:url(//www.google.com/images/branding/googlelogo/2x/googlelogo_color_150x54dp.png) no-repeat 0% 0%/100% 100%;-moz-border-image:url(//www.google.com/images/branding/googlelogo/2x/googlelogo_color_150x54dp.png) 0}}@media only screen and (-webkit-min-device-pixel-ratio:2){#logo{background:url(//www.google.com/images/branding/googlelogo/2x/googlelogo_color_150x54dp.png) no-repeat;-webkit-background-size:100% 100%}}#logo{display:inline-block;height:54px;width:150px}
  </style>
  <a href=//www.google.com/><span id=logo aria-label=Google></span></a>
  <p><b>502.</b> <ins>That’s an error.</ins>
  <p>The server encountered a temporary error and could not complete your request.<p>Please try again in 30 seconds.  <ins>That’s all we know.</ins>
2020-04-03 03:22:45,879 ERROR    Exception ignored in:
2020-04-03 03:22:45,880 ERROR    <__main__.MyLogger object at 0x75a89690>
2020-04-03 03:22:45,881 ERROR    AttributeError
2020-04-03 03:22:45,881 ERROR    :
2020-04-03 03:22:45,881 ERROR    'MyLogger' object has no attribute 'flush'
